h:\8503\csc8503\csc8503common\x64\debug\csc8503common.pdb
h:\8503\csc8503\csc8503common\x64\debug\csc8503common.idb
h:\8503\csc8503\csc8503common\x64\debug\transform.obj
h:\8503\csc8503\csc8503common\x64\debug\statetransition.obj
h:\8503\csc8503\csc8503common\x64\debug\statemachine.obj
h:\8503\csc8503\csc8503common\x64\debug\renderobject.obj
h:\8503\csc8503\csc8503common\x64\debug\quadtree.obj
h:\8503\csc8503\csc8503common\x64\debug\pushdownstate.obj
h:\8503\csc8503\csc8503common\x64\debug\pushdownmachine.obj
h:\8503\csc8503\csc8503common\x64\debug\physicssystem.obj
h:\8503\csc8503\csc8503common\x64\debug\physicsobject.obj
h:\8503\csc8503\csc8503common\x64\debug\navigationmesh.obj
h:\8503\csc8503\csc8503common\x64\debug\navigationgrid.obj
h:\8503\csc8503\csc8503common\x64\debug\gameworld.obj
h:\8503\csc8503\csc8503common\x64\debug\gameobject.obj
h:\8503\csc8503\csc8503common\x64\debug\debug.obj
h:\8503\csc8503\csc8503common\x64\debug\collisiondetection.obj
h:\8503\csc8503\csc8503common\x64\debug\positionconstraint.obj
h:\8503\csc8503\csc8503common\x64\debug\stategameobject.obj
h:\8503\csc8503\csc8503common\x64\debug\behavioursequence.obj
h:\8503\csc8503\csc8503common\x64\debug\behaviourselector.obj
h:\8503\csc8503\csc8503common\x64\debug\behaviournodewithchildren.obj
h:\8503\csc8503\csc8503common\x64\debug\behaviournode.obj
h:\8503\csc8503\csc8503common\x64\debug\behaviouraction.obj
h:\8503\x64\debug\csc8503common.lib
h:\8503\csc8503\csc8503common\x64\debug\pushdownmachine.new.obj.enc
h:\8503\csc8503\csc8503common\x64\debug\pushdownstate.new.obj.enc
h:\8503\x64\debug\csc8503common.pdb
h:\8503\csc8503\csc8503common\x64\debug\csc8503common.tlog\cl.command.1.tlog
h:\8503\csc8503\csc8503common\x64\debug\csc8503common.tlog\cl.read.1.tlog
h:\8503\csc8503\csc8503common\x64\debug\csc8503common.tlog\cl.write.1.tlog
h:\8503\csc8503\csc8503common\x64\debug\csc8503common.tlog\lib-link.read.1.tlog
h:\8503\csc8503\csc8503common\x64\debug\csc8503common.tlog\lib-link.write.1.tlog
h:\8503\csc8503\csc8503common\x64\debug\csc8503common.tlog\lib.command.1.tlog
