h:\8503\common\x64\debug\common.pdb
h:\8503\common\x64\debug\common.idb
h:\8503\common\x64\debug\texturewriter.obj
h:\8503\common\x64\debug\textureloader.obj
h:\8503\common\x64\debug\texturebase.obj
h:\8503\common\x64\debug\simplefont.obj
h:\8503\common\x64\debug\shaderbase.obj
h:\8503\common\x64\debug\rendererbase.obj
h:\8503\common\x64\debug\quaternion.obj
h:\8503\common\x64\debug\plane.obj
h:\8503\common\x64\debug\mouse.obj
h:\8503\common\x64\debug\meshmaterial.obj
h:\8503\common\x64\debug\meshgeometry.obj
h:\8503\common\x64\debug\meshanimation.obj
h:\8503\common\x64\debug\matrix4.obj
h:\8503\common\x64\debug\matrix3.obj
h:\8503\common\x64\debug\matrix2.obj
h:\8503\common\x64\debug\maths.obj
h:\8503\common\x64\debug\keyboard.obj
h:\8503\common\x64\debug\gametimer.obj
h:\8503\common\x64\debug\camera.obj
h:\8503\common\x64\debug\window.obj
h:\8503\common\x64\debug\win32window.obj
h:\8503\common\x64\debug\win32mouse.obj
h:\8503\common\x64\debug\win32keyboard.obj
h:\8503\common\x64\debug\vector4.obj
h:\8503\common\x64\debug\vector3.obj
h:\8503\common\x64\debug\vector2.obj
h:\8503\common\x64\debug\assets.obj
h:\8503\x64\debug\common.lib
h:\8503\x64\debug\common.pdb
h:\8503\common\x64\debug\common.tlog\cl.command.1.tlog
h:\8503\common\x64\debug\common.tlog\cl.read.1.tlog
h:\8503\common\x64\debug\common.tlog\cl.write.1.tlog
h:\8503\common\x64\debug\common.tlog\lib-link.read.1.tlog
h:\8503\common\x64\debug\common.tlog\lib-link.write.1.tlog
h:\8503\common\x64\debug\common.tlog\lib.command.1.tlog
